# JRE version: OpenJDK Runtime Environment (8.0_242-b01) (build 1.8.0_242-release-1644-b01)
# Java VM: OpenJDK 64-Bit Server VM (25.242-b01 mixed mode windows-amd64 compressed oops)
Heap:
 PSYoungGen      total 33280K, used 10598K [0x00000000d5580000, 0x00000000d9e80000, 0x0000000100000000)
  eden space 28672K, 20% used [0x00000000d5580000,0x00000000d5b5ba28,0x00000000d7180000)
  from space 4608K, 99% used [0x00000000d7180000,0x00000000d75fe030,0x00000000d7600000)
  to   space 8704K, 0% used [0x00000000d9600000,0x00000000d9600000,0x00000000d9e80000)
 ParOldGen       total 76800K, used 5510K [0x0000000080000000, 0x0000000084b00000, 0x00000000d5580000)
  object space 76800K, 7% used [0x0000000080000000,0x00000000805619c0,0x0000000084b00000)
 Metaspace       used 16502K, capacity 17044K, committed 17280K, reserved 1064960K
  class space    used 2225K, capacity 2396K, committed 2432K, reserved 1048576K
GC Heap History (10 events):
Event: 0.901 GC heap before
{Heap before GC invocations=1 (full 0):
 PSYoungGen      total 33280K, used 28672K [0x00000000d5580000, 0x00000000d7a80000, 0x0000000100000000)
  eden space 28672K, 100% used [0x00000000d5580000,0x00000000d7180000,0x00000000d7180000)
  from space 4608K, 0% used [0x00000000d7600000,0x00000000d7600000,0x00000000d7a80000)
  to   space 4608K, 0% used [0x00000000d7180000,0x00000000d7180000,0x00000000d7600000)
 ParOldGen       total 76800K, used 0K [0x0000000080000000, 0x0000000084b00000, 0x00000000d5580000)
  object space 76800K, 0% used [0x0000000080000000,0x0000000080000000,0x0000000084b00000)
 Metaspace       used 7358K, capacity 7604K, committed 7680K, reserved 1056768K
  class space    used 904K, capacity 1001K, committed 1024K, reserved 1048576K
Event: 0.909 GC heap after
Heap after GC invocations=1 (full 0):
 PSYoungGen      total 33280K, used 4531K [0x00000000d5580000, 0x00000000d7a80000, 0x0000000100000000)
  eden space 28672K, 0% used [0x00000000d5580000,0x00000000d5580000,0x00000000d7180000)
  from space 4608K, 98% used [0x00000000d7180000,0x00000000d75ecef8,0x00000000d7600000)
  to   space 4608K, 0% used [0x00000000d7600000,0x00000000d7600000,0x00000000d7a80000)
 ParOldGen       total 76800K, used 35K [0x0000000080000000, 0x0000000084b00000, 0x00000000d5580000)
  object space 76800K, 0% used [0x0000000080000000,0x0000000080008c30,0x0000000084b00000)
 Metaspace       used 7358K, capacity 7604K, committed 7680K, reserved 1056768K
  class space    used 904K, capacity 1001K, committed 1024K, reserved 1048576K
}
Event: 1.385 GC heap before
{Heap before GC invocations=2 (full 0):
 PSYoungGen      total 33280K, used 33203K [0x00000000d5580000, 0x00000000d7a80000, 0x0000000100000000)
  eden space 28672K, 100% used [0x00000000d5580000,0x00000000d7180000,0x00000000d7180000)
  from space 4608K, 98% used [0x00000000d7180000,0x00000000d75ecef8,0x00000000d7600000)
  to   space 4608K, 0% used [0x00000000d7600000,0x00000000d7600000,0x00000000d7a80000)
 ParOldGen       total 76800K, used 35K [0x0000000080000000, 0x0000000084b00000, 0x00000000d5580000)
  object space 76800K, 0% used [0x0000000080000000,0x0000000080008c30,0x0000000084b00000)
 Metaspace       used 7753K, capacity 8026K, committed 8320K, reserved 1056768K
  class space    used 936K, capacity 1034K, committed 1152K, reserved 1048576K
Event: 1.390 GC heap after
Heap after GC invocations=2 (full 0):
 PSYoungGen      total 33280K, used 3550K [0x00000000d5580000, 0x00000000d7a80000, 0x0000000100000000)
  eden space 28672K, 0% used [0x00000000d5580000,0x00000000d5580000,0x00000000d7180000)
  from space 4608K, 77% used [0x00000000d7600000,0x00000000d79779a8,0x00000000d7a80000)
  to   space 4608K, 0% used [0x00000000d7180000,0x00000000d7180000,0x00000000d7600000)
 ParOldGen       total 76800K, used 43K [0x0000000080000000, 0x0000000084b00000, 0x00000000d5580000)
  object space 76800K, 0% used [0x0000000080000000,0x000000008000ac30,0x0000000084b00000)
 Metaspace       used 7753K, capacity 8026K, committed 8320K, reserved 1056768K
  class space    used 936K, capacity 1034K, committed 1152K, reserved 1048576K
}
Event: 1.672 GC heap before
{Heap before GC invocations=3 (full 0):
 PSYoungGen      total 33280K, used 32222K [0x00000000d5580000, 0x00000000d7a80000, 0x0000000100000000)
  eden space 28672K, 100% used [0x00000000d5580000,0x00000000d7180000,0x00000000d7180000)
  from space 4608K, 77% used [0x00000000d7600000,0x00000000d79779a8,0x00000000d7a80000)
  to   space 4608K, 0% used [0x00000000d7180000,0x00000000d7180000,0x00000000d7600000)
 ParOldGen       total 76800K, used 43K [0x0000000080000000, 0x0000000084b00000, 0x00000000d5580000)
  object space 76800K, 0% used [0x0000000080000000,0x000000008000ac30,0x0000000084b00000)
 Metaspace       used 9492K, capacity 9788K, committed 10112K, reserved 1058816K
  class space    used 1233K, capacity 1348K, committed 1408K, reserved 1048576K
Event: 1.677 GC heap after
Heap after GC invocations=3 (full 0):
 PSYoungGen      total 33280K, used 4600K [0x00000000d5580000, 0x00000000d9680000, 0x0000000100000000)
  eden space 28672K, 0% used [0x00000000d5580000,0x00000000d5580000,0x00000000d7180000)
  from space 4608K, 99% used [0x00000000d7180000,0x00000000d75fe050,0x00000000d7600000)
  to   space 4608K, 0% used [0x00000000d9200000,0x00000000d9200000,0x00000000d9680000)
 ParOldGen       total 76800K, used 310K [0x0000000080000000, 0x0000000084b00000, 0x00000000d5580000)
  object space 76800K, 0% used [0x0000000080000000,0x000000008004dbb8,0x0000000084b00000)
 Metaspace       used 9492K, capacity 9788K, committed 10112K, reserved 1058816K
  class space    used 1233K, capacity 1348K, committed 1408K, reserved 1048576K
}
Event: 3.461 GC heap before
{Heap before GC invocations=4 (full 0):
 PSYoungGen      total 33280K, used 33272K [0x00000000d5580000, 0x00000000d9680000, 0x0000000100000000)
  eden space 28672K, 100% used [0x00000000d5580000,0x00000000d7180000,0x00000000d7180000)
  from space 4608K, 99% used [0x00000000d7180000,0x00000000d75fe050,0x00000000d7600000)
  to   space 4608K, 0% used [0x00000000d9200000,0x00000000d9200000,0x00000000d9680000)
 ParOldGen       total 76800K, used 310K [0x0000000080000000, 0x0000000084b00000, 0x00000000d5580000)
  object space 76800K, 0% used [0x0000000080000000,0x000000008004dbb8,0x0000000084b00000)
 Metaspace       used 13042K, capacity 13488K, committed 13696K, reserved 1060864K
  class space    used 1781K, capacity 1890K, committed 1920K, reserved 1048576K
Event: 3.467 GC heap after
Heap after GC invocations=4 (full 0):
 PSYoungGen      total 33280K, used 4592K [0x00000000d5580000, 0x00000000d9680000, 0x0000000100000000)
  eden space 28672K, 0% used [0x00000000d5580000,0x00000000d5580000,0x00000000d7180000)
  from space 4608K, 99% used [0x00000000d9200000,0x00000000d967c020,0x00000000d9680000)
  to   space 4608K, 0% used [0x00000000d7180000,0x00000000d7180000,0x00000000d7600000)
 ParOldGen       total 76800K, used 2630K [0x0000000080000000, 0x0000000084b00000, 0x00000000d5580000)
  object space 76800K, 3% used [0x0000000080000000,0x0000000080291828,0x0000000084b00000)
 Metaspace       used 13042K, capacity 13488K, committed 13696K, reserved 1060864K
  class space    used 1781K, capacity 1890K, committed 1920K, reserved 1048576K
}
Event: 3.851 GC heap before
{Heap before GC invocations=5 (full 0):
 PSYoungGen      total 33280K, used 33264K [0x00000000d5580000, 0x00000000d9680000, 0x0000000100000000)
  eden space 28672K, 100% used [0x00000000d5580000,0x00000000d7180000,0x00000000d7180000)
  from space 4608K, 99% used [0x00000000d9200000,0x00000000d967c020,0x00000000d9680000)
  to   space 4608K, 0% used [0x00000000d7180000,0x00000000d7180000,0x00000000d7600000)
 ParOldGen       total 76800K, used 2630K [0x0000000080000000, 0x0000000084b00000, 0x00000000d5580000)
  object space 76800K, 3% used [0x0000000080000000,0x0000000080291828,0x0000000084b00000)
 Metaspace       used 15791K, capacity 16222K, committed 16384K, reserved 1062912K
  class space    used 2132K, capacity 2289K, committed 2304K, reserved 1048576K
Event: 3.858 GC heap after
Heap after GC invocations=5 (full 0):
 PSYoungGen      total 33280K, used 4600K [0x00000000d5580000, 0x00000000d9e80000, 0x0000000100000000)
  eden space 28672K, 0% used [0x00000000d5580000,0x00000000d5580000,0x00000000d7180000)
  from space 4608K, 99% used [0x00000000d7180000,0x00000000d75fe030,0x00000000d7600000)
  to   space 8704K, 0% used [0x00000000d9600000,0x00000000d9600000,0x00000000d9e80000)
 ParOldGen       total 76800K, used 5510K [0x0000000080000000, 0x0000000084b00000, 0x00000000d5580000)
  object space 76800K, 7% used [0x0000000080000000,0x00000000805619c0,0x0000000084b00000)
 Metaspace       used 15791K, capacity 16222K, committed 16384K, reserved 1062912K
  class space    used 2132K, capacity 2289K, committed 2304K, reserved 1048576K
}

