# JRE version: OpenJDK Runtime Environment (8.0_242-b01) (build 1.8.0_242-release-1644-b01)
# Java VM: OpenJDK 64-Bit Server VM (25.242-b01 mixed mode windows-amd64 compressed oops)
Heap:
 PSYoungGen      total 120832K, used 34413K [0x00000000d5580000, 0x00000000de980000, 0x0000000100000000)
  eden space 110080K, 31% used [0x00000000d5580000,0x00000000d771b600,0x00000000dc100000)
  from space 10752K, 0% used [0x00000000ddf00000,0x00000000ddf00000,0x00000000de980000)
  to   space 9216K, 0% used [0x00000000dc100000,0x00000000dc100000,0x00000000dca00000)
 ParOldGen       total 51712K, used 17141K [0x0000000080000000, 0x0000000083280000, 0x00000000d5580000)
  object space 51712K, 33% used [0x0000000080000000,0x00000000810bd558,0x0000000083280000)
 Metaspace       used 35451K, capacity 36590K, committed 36776K, reserved 1081344K
  class space    used 4874K, capacity 5164K, committed 5288K, reserved 1048576K
GC Heap History (10 events):
Event: 4.360 GC heap before
{Heap before GC invocations=8 (full 1):
 PSYoungGen      total 66048K, used 6424K [0x00000000d5580000, 0x00000000dd680000, 0x0000000100000000)
  eden space 56320K, 0% used [0x00000000d5580000,0x00000000d5580000,0x00000000d8c80000)
  from space 9728K, 66% used [0x00000000d8c80000,0x00000000d92c6348,0x00000000d9600000)
  to   space 9728K, 0% used [0x00000000dcd00000,0x00000000dcd00000,0x00000000dd680000)
 ParOldGen       total 76800K, used 8074K [0x0000000080000000, 0x0000000084b00000, 0x00000000d5580000)
  object space 76800K, 10% used [0x0000000080000000,0x00000000807e2860,0x0000000084b00000)
 Metaspace       used 20502K, capacity 21226K, committed 21296K, reserved 1067008K
  class space    used 2875K, capacity 3097K, committed 3120K, reserved 1048576K
Event: 4.398 GC heap after
Heap after GC invocations=8 (full 1):
 PSYoungGen      total 66048K, used 0K [0x00000000d5580000, 0x00000000dd680000, 0x0000000100000000)
  eden space 56320K, 0% used [0x00000000d5580000,0x00000000d5580000,0x00000000d8c80000)
  from space 9728K, 0% used [0x00000000d8c80000,0x00000000d8c80000,0x00000000d9600000)
  to   space 9728K, 0% used [0x00000000dcd00000,0x00000000dcd00000,0x00000000dd680000)
 ParOldGen       total 51712K, used 9345K [0x0000000080000000, 0x0000000083280000, 0x00000000d5580000)
  object space 51712K, 18% used [0x0000000080000000,0x00000000809205c8,0x0000000083280000)
 Metaspace       used 20502K, capacity 21226K, committed 21296K, reserved 1067008K
  class space    used 2875K, capacity 3097K, committed 3120K, reserved 1048576K
}
Event: 4.992 GC heap before
{Heap before GC invocations=9 (full 1):
 PSYoungGen      total 66048K, used 56320K [0x00000000d5580000, 0x00000000dd680000, 0x0000000100000000)
  eden space 56320K, 100% used [0x00000000d5580000,0x00000000d8c80000,0x00000000d8c80000)
  from space 9728K, 0% used [0x00000000d8c80000,0x00000000d8c80000,0x00000000d9600000)
  to   space 9728K, 0% used [0x00000000dcd00000,0x00000000dcd00000,0x00000000dd680000)
 ParOldGen       total 51712K, used 9345K [0x0000000080000000, 0x0000000083280000, 0x00000000d5580000)
  object space 51712K, 18% used [0x0000000080000000,0x00000000809205c8,0x0000000083280000)
 Metaspace       used 25127K, capacity 25932K, committed 26160K, reserved 1071104K
  class space    used 3536K, capacity 3787K, committed 3888K, reserved 1048576K
Event: 5.002 GC heap after
Heap after GC invocations=9 (full 1):
 PSYoungGen      total 99840K, used 5668K [0x00000000d5580000, 0x00000000dd300000, 0x0000000100000000)
  eden space 93696K, 0% used [0x00000000d5580000,0x00000000d5580000,0x00000000db100000)
  from space 6144K, 92% used [0x00000000dcd00000,0x00000000dd2893d0,0x00000000dd300000)
  to   space 9216K, 0% used [0x00000000dc100000,0x00000000dc100000,0x00000000dca00000)
 ParOldGen       total 51712K, used 9353K [0x0000000080000000, 0x0000000083280000, 0x00000000d5580000)
  object space 51712K, 18% used [0x0000000080000000,0x00000000809225c8,0x0000000083280000)
 Metaspace       used 25127K, capacity 25932K, committed 26160K, reserved 1071104K
  class space    used 3536K, capacity 3787K, committed 3888K, reserved 1048576K
}
Event: 6.213 GC heap before
{Heap before GC invocations=10 (full 1):
 PSYoungGen      total 99840K, used 99364K [0x00000000d5580000, 0x00000000dd300000, 0x0000000100000000)
  eden space 93696K, 100% used [0x00000000d5580000,0x00000000db100000,0x00000000db100000)
  from space 6144K, 92% used [0x00000000dcd00000,0x00000000dd2893d0,0x00000000dd300000)
  to   space 9216K, 0% used [0x00000000dc100000,0x00000000dc100000,0x00000000dca00000)
 ParOldGen       total 51712K, used 9353K [0x0000000080000000, 0x0000000083280000, 0x00000000d5580000)
  object space 51712K, 18% used [0x0000000080000000,0x00000000809225c8,0x0000000083280000)
 Metaspace       used 33152K, capacity 34208K, committed 34480K, reserved 1079296K
  class space    used 4473K, capacity 4746K, committed 4784K, reserved 1048576K
Event: 6.227 GC heap after
Heap after GC invocations=10 (full 1):
 PSYoungGen      total 119296K, used 9215K [0x00000000d5580000, 0x00000000de980000, 0x0000000100000000)
  eden space 110080K, 0% used [0x00000000d5580000,0x00000000d5580000,0x00000000dc100000)
  from space 9216K, 99% used [0x00000000dc100000,0x00000000dc9ffec8,0x00000000dca00000)
  to   space 10752K, 0% used [0x00000000ddf00000,0x00000000ddf00000,0x00000000de980000)
 ParOldGen       total 51712K, used 11260K [0x0000000080000000, 0x0000000083280000, 0x00000000d5580000)
  object space 51712K, 21% used [0x0000000080000000,0x0000000080aff1f0,0x0000000083280000)
 Metaspace       used 33152K, capacity 34208K, committed 34480K, reserved 1079296K
  class space    used 4473K, capacity 4746K, committed 4784K, reserved 1048576K
}
Event: 6.542 GC heap before
{Heap before GC invocations=11 (full 1):
 PSYoungGen      total 119296K, used 33621K [0x00000000d5580000, 0x00000000de980000, 0x0000000100000000)
  eden space 110080K, 22% used [0x00000000d5580000,0x00000000d6d55848,0x00000000dc100000)
  from space 9216K, 99% used [0x00000000dc100000,0x00000000dc9ffec8,0x00000000dca00000)
  to   space 10752K, 0% used [0x00000000ddf00000,0x00000000ddf00000,0x00000000de980000)
 ParOldGen       total 51712K, used 11260K [0x0000000080000000, 0x0000000083280000, 0x00000000d5580000)
  object space 51712K, 21% used [0x0000000080000000,0x0000000080aff1f0,0x0000000083280000)
 Metaspace       used 34360K, capacity 35398K, committed 35496K, reserved 1079296K
  class space    used 4677K, capacity 4946K, committed 5032K, reserved 1048576K
Event: 6.555 GC heap after
Heap after GC invocations=11 (full 1):
 PSYoungGen      total 120832K, used 7840K [0x00000000d5580000, 0x00000000de980000, 0x0000000100000000)
  eden space 110080K, 0% used [0x00000000d5580000,0x00000000d5580000,0x00000000dc100000)
  from space 10752K, 72% used [0x00000000ddf00000,0x00000000de6a81a8,0x00000000de980000)
  to   space 9216K, 0% used [0x00000000dc100000,0x00000000dc100000,0x00000000dca00000)
 ParOldGen       total 51712K, used 12870K [0x0000000080000000, 0x0000000083280000, 0x00000000d5580000)
  object space 51712K, 24% used [0x0000000080000000,0x0000000080c918f8,0x0000000083280000)
 Metaspace       used 34360K, capacity 35398K, committed 35496K, reserved 1079296K
  class space    used 4677K, capacity 4946K, committed 5032K, reserved 1048576K
}
Event: 6.555 GC heap before
{Heap before GC invocations=12 (full 2):
 PSYoungGen      total 120832K, used 7840K [0x00000000d5580000, 0x00000000de980000, 0x0000000100000000)
  eden space 110080K, 0% used [0x00000000d5580000,0x00000000d5580000,0x00000000dc100000)
  from space 10752K, 72% used [0x00000000ddf00000,0x00000000de6a81a8,0x00000000de980000)
  to   space 9216K, 0% used [0x00000000dc100000,0x00000000dc100000,0x00000000dca00000)
 ParOldGen       total 51712K, used 12870K [0x0000000080000000, 0x0000000083280000, 0x00000000d5580000)
  object space 51712K, 24% used [0x0000000080000000,0x0000000080c918f8,0x0000000083280000)
 Metaspace       used 34360K, capacity 35398K, committed 35496K, reserved 1079296K
  class space    used 4677K, capacity 4946K, committed 5032K, reserved 1048576K
Event: 6.613 GC heap after
Heap after GC invocations=12 (full 2):
 PSYoungGen      total 120832K, used 0K [0x00000000d5580000, 0x00000000de980000, 0x0000000100000000)
  eden space 110080K, 0% used [0x00000000d5580000,0x00000000d5580000,0x00000000dc100000)
  from space 10752K, 0% used [0x00000000ddf00000,0x00000000ddf00000,0x00000000de980000)
  to   space 9216K, 0% used [0x00000000dc100000,0x00000000dc100000,0x00000000dca00000)
 ParOldGen       total 51712K, used 17141K [0x0000000080000000, 0x0000000083280000, 0x00000000d5580000)
  object space 51712K, 33% used [0x0000000080000000,0x00000000810bd558,0x0000000083280000)
 Metaspace       used 34360K, capacity 35398K, committed 35496K, reserved 1079296K
  class space    used 4677K, capacity 4946K, committed 5032K, reserved 1048576K
}

